# JRE version: Java(TM) SE Runtime Environment (12.0.2+10) (build 12.0.2+10)
# Java VM: Java HotSpot(TM) 64-Bit Server VM (12.0.2+10, mixed mode, sharing, tiered, compressed oops, g1 gc, windows-amd64)
Heap:
 garbage-first heap   total 92160K, used 54597K [0x00000000cd800000, 0x0000000100000000)
  region size 1024K, 4 young (4096K), 2 survivors (2048K)
 Metaspace       used 14880K, capacity 15814K, committed 16128K, reserved 1062912K
  class space    used 1904K, capacity 2181K, committed 2304K, reserved 1048576K
GC Heap History (10 events):
Event: 26.998 GC heap before
{Heap before GC invocations=5 (full 0):
 garbage-first heap   total 53248K, used 30472K [0x00000000cd800000, 0x0000000100000000)
  region size 1024K, 9 young (9216K), 2 survivors (2048K)
 Metaspace       used 13686K, capacity 14864K, committed 14976K, reserved 1062912K
  class space    used 1836K, capacity 2118K, committed 2176K, reserved 1048576K
}
Event: 27.028 GC heap after
{Heap after GC invocations=6 (full 0):
 garbage-first heap   total 53248K, used 28106K [0x00000000cd800000, 0x0000000100000000)
  region size 1024K, 2 young (2048K), 2 survivors (2048K)
 Metaspace       used 13686K, capacity 14864K, committed 14976K, reserved 1062912K
  class space    used 1836K, capacity 2118K, committed 2176K, reserved 1048576K
}
Event: 27.529 GC heap before
{Heap before GC invocations=7 (full 0):
 garbage-first heap   total 87040K, used 51658K [0x00000000cd800000, 0x0000000100000000)
  region size 1024K, 4 young (4096K), 2 survivors (2048K)
 Metaspace       used 13936K, capacity 15103K, committed 15232K, reserved 1062912K
  class space    used 1854K, capacity 2137K, committed 2176K, reserved 1048576K
}
Event: 27.533 GC heap after
{Heap after GC invocations=8 (full 0):
 garbage-first heap   total 87040K, used 51469K [0x00000000cd800000, 0x0000000100000000)
  region size 1024K, 1 young (1024K), 1 survivors (1024K)
 Metaspace       used 13936K, capacity 15103K, committed 15232K, reserved 1062912K
  class space    used 1854K, capacity 2137K, committed 2176K, reserved 1048576K
}
Event: 32.808 GC heap before
{Heap before GC invocations=9 (full 0):
 garbage-first heap   total 91136K, used 61709K [0x00000000cd800000, 0x0000000100000000)
  region size 1024K, 10 young (10240K), 1 survivors (1024K)
 Metaspace       used 14308K, capacity 15422K, committed 15616K, reserved 1062912K
  class space    used 1902K, capacity 2181K, committed 2304K, reserved 1048576K
}
Event: 32.811 GC heap after
{Heap after GC invocations=10 (full 0):
 garbage-first heap   total 91136K, used 52927K [0x00000000cd800000, 0x0000000100000000)
  region size 1024K, 1 young (1024K), 1 survivors (1024K)
 Metaspace       used 14308K, capacity 15422K, committed 15616K, reserved 1062912K
  class space    used 1902K, capacity 2181K, committed 2304K, reserved 1048576K
}
Event: 37.140 GC heap before
{Heap before GC invocations=10 (full 0):
 garbage-first heap   total 91136K, used 63167K [0x00000000cd800000, 0x0000000100000000)
  region size 1024K, 12 young (12288K), 1 survivors (1024K)
 Metaspace       used 14564K, capacity 15553K, committed 15872K, reserved 1062912K
  class space    used 1903K, capacity 2181K, committed 2304K, reserved 1048576K
}
Event: 37.144 GC heap after
{Heap after GC invocations=11 (full 0):
 garbage-first heap   total 91136K, used 53172K [0x00000000cd800000, 0x0000000100000000)
  region size 1024K, 2 young (2048K), 2 survivors (2048K)
 Metaspace       used 14564K, capacity 15553K, committed 15872K, reserved 1062912K
  class space    used 1903K, capacity 2181K, committed 2304K, reserved 1048576K
}
Event: 41.369 GC heap before
{Heap before GC invocations=12 (full 0):
 garbage-first heap   total 92160K, used 65460K [0x00000000cd800000, 0x0000000100000000)
  region size 1024K, 14 young (14336K), 2 survivors (2048K)
 Metaspace       used 14822K, capacity 15814K, committed 16128K, reserved 1062912K
  class space    used 1903K, capacity 2181K, committed 2304K, reserved 1048576K
}
Event: 41.375 GC heap after
{Heap after GC invocations=13 (full 0):
 garbage-first heap   total 92160K, used 53573K [0x00000000cd800000, 0x0000000100000000)
  region size 1024K, 2 young (2048K), 2 survivors (2048K)
 Metaspace       used 14822K, capacity 15814K, committed 16128K, reserved 1062912K
  class space    used 1903K, capacity 2181K, committed 2304K, reserved 1048576K
}

