# JRE version: Java(TM) SE Runtime Environment (12.0.2+10) (build 12.0.2+10)
# Java VM: Java HotSpot(TM) 64-Bit Server VM (12.0.2+10, mixed mode, sharing, tiered, compressed oops, g1 gc, windows-amd64)
Heap:
 garbage-first heap   total 153600K, used 111353K [0x00000000cd800000, 0x0000000100000000)
  region size 1024K, 27 young (27648K), 5 survivors (5120K)
 Metaspace       used 16048K, capacity 16964K, committed 17152K, reserved 1064960K
  class space    used 1978K, capacity 2265K, committed 2304K, reserved 1048576K
GC Heap History (10 events):
Event: 149.964 GC heap before
{Heap before GC invocations=63 (full 0):
 garbage-first heap   total 142336K, used 117452K [0x00000000cd800000, 0x0000000100000000)
  region size 1024K, 38 young (38912K), 4 survivors (4096K)
 Metaspace       used 15997K, capacity 16900K, committed 17152K, reserved 1064960K
  class space    used 1977K, capacity 2265K, committed 2304K, reserved 1048576K
}
Event: 149.969 GC heap after
{Heap after GC invocations=64 (full 0):
 garbage-first heap   total 142336K, used 84493K [0x00000000cd800000, 0x0000000100000000)
  region size 1024K, 4 young (4096K), 4 survivors (4096K)
 Metaspace       used 15997K, capacity 16900K, committed 17152K, reserved 1064960K
  class space    used 1977K, capacity 2265K, committed 2304K, reserved 1048576K
}
Event: 153.900 GC heap before
{Heap before GC invocations=65 (full 0):
 garbage-first heap   total 143360K, used 119309K [0x00000000cd800000, 0x0000000100000000)
  region size 1024K, 38 young (38912K), 4 survivors (4096K)
 Metaspace       used 15999K, capacity 16900K, committed 17152K, reserved 1064960K
  class space    used 1977K, capacity 2265K, committed 2304K, reserved 1048576K
}
Event: 153.905 GC heap after
{Heap after GC invocations=66 (full 0):
 garbage-first heap   total 143360K, used 85865K [0x00000000cd800000, 0x0000000100000000)
  region size 1024K, 4 young (4096K), 4 survivors (4096K)
 Metaspace       used 15999K, capacity 16900K, committed 17152K, reserved 1064960K
  class space    used 1977K, capacity 2265K, committed 2304K, reserved 1048576K
}
Event: 157.767 GC heap before
{Heap before GC invocations=66 (full 0):
 garbage-first heap   total 143360K, used 119657K [0x00000000cd800000, 0x0000000100000000)
  region size 1024K, 38 young (38912K), 4 survivors (4096K)
 Metaspace       used 15999K, capacity 16900K, committed 17152K, reserved 1064960K
  class space    used 1978K, capacity 2265K, committed 2304K, reserved 1048576K
}
Event: 157.773 GC heap after
{Heap after GC invocations=67 (full 0):
 garbage-first heap   total 143360K, used 87216K [0x00000000cd800000, 0x0000000100000000)
  region size 1024K, 4 young (4096K), 4 survivors (4096K)
 Metaspace       used 15999K, capacity 16900K, committed 17152K, reserved 1064960K
  class space    used 1978K, capacity 2265K, committed 2304K, reserved 1048576K
}
Event: 161.513 GC heap before
{Heap before GC invocations=68 (full 0):
 garbage-first heap   total 148480K, used 121008K [0x00000000cd800000, 0x0000000100000000)
  region size 1024K, 37 young (37888K), 4 survivors (4096K)
 Metaspace       used 16014K, capacity 16900K, committed 17152K, reserved 1064960K
  class space    used 1978K, capacity 2265K, committed 2304K, reserved 1048576K
}
Event: 161.519 GC heap after
{Heap after GC invocations=69 (full 0):
 garbage-first heap   total 148480K, used 88645K [0x00000000cd800000, 0x0000000100000000)
  region size 1024K, 3 young (3072K), 3 survivors (3072K)
 Metaspace       used 16014K, capacity 16900K, committed 17152K, reserved 1064960K
  class space    used 1978K, capacity 2265K, committed 2304K, reserved 1048576K
}
Event: 165.241 GC heap before
{Heap before GC invocations=69 (full 0):
 garbage-first heap   total 148480K, used 124485K [0x00000000cd800000, 0x0000000100000000)
  region size 1024K, 38 young (38912K), 3 survivors (3072K)
 Metaspace       used 16047K, capacity 16964K, committed 17152K, reserved 1064960K
  class space    used 1978K, capacity 2265K, committed 2304K, reserved 1048576K
}
Event: 165.247 GC heap after
{Heap after GC invocations=70 (full 0):
 garbage-first heap   total 148480K, used 89849K [0x00000000cd800000, 0x0000000100000000)
  region size 1024K, 5 young (5120K), 5 survivors (5120K)
 Metaspace       used 16047K, capacity 16964K, committed 17152K, reserved 1064960K
  class space    used 1978K, capacity 2265K, committed 2304K, reserved 1048576K
}

